

Version:	3.9
CmdLine:	L:\Loneboat Modules\Projects\Software\PrizmJ\PrizmJ.exe --l4j-debug
WOW64:		yes
Working dir:	L:\Loneboat Modules\Projects\Software\PrizmJ\.
64-bit search:	SOFTWARE\JavaSoft\Java Runtime Environment...
Check:		SOFTWARE\JavaSoft\Java Runtime Environment\1.8
Ignore:		1.8
Check:		SOFTWARE\JavaSoft\Java Runtime Environment\1.8.0_65
Check launcher:	C:\Program Files\Java\jre1.8.0_65\bin\javaw.exe (not found)
Ignore:		1.8.0_065
Check:		SOFTWARE\JavaSoft\Java Runtime Environment\1.8.0_71
Ignore:		1.8.0_071
32-bit search:	SOFTWARE\JavaSoft\Java Runtime Environment...
Check:		SOFTWARE\JavaSoft\Java Runtime Environment\1.8
Ignore:		1.8
Check:		SOFTWARE\JavaSoft\Java Runtime Environment\1.8.0_71
Ignore:		1.8.0_071
64-bit search:	SOFTWARE\JavaSoft\Java Development Kit...
Check:		SOFTWARE\JavaSoft\Java Development Kit\1.8
Ignore:		1.8
Check:		SOFTWARE\JavaSoft\Java Development Kit\1.8.0_25
Check launcher:	C:\Program Files\Java\jdk1.8.0_25\jre\bin\javaw.exe (OK)
Match:		1.8.0_025
Check:		SOFTWARE\JavaSoft\Java Development Kit\1.8.0_65
Check launcher:	C:\Program Files\Java\jdk1.8.0_65\jre\bin\javaw.exe (OK)
Match:		1.8.0_065
Runtime used:	1.8.0_065 (64-bit)
Launcher:	C:\Program Files\Java\jdk1.8.0_65\jre\bin\javaw.exe
Launcher args:	-jar "L:\Loneboat Modules\Projects\Software\PrizmJ\PrizmJ.exe"
Args length:	62/32768 chars
Exit code:	0


Version:	3.9
CmdLine:	L:\Loneboat Modules\Projects\Software\PrizmJ\PrizmJ.exe --l4j-debug
WOW64:		yes
Working dir:	L:\Loneboat Modules\Projects\Software\PrizmJ\.
64-bit search:	SOFTWARE\JavaSoft\Java Runtime Environment...
Check:		SOFTWARE\JavaSoft\Java Runtime Environment\1.8
Ignore:		1.8
Check:		SOFTWARE\JavaSoft\Java Runtime Environment\1.8.0_65
Check launcher:	C:\Program Files\Java\jre1.8.0_65\bin\javaw.exe (not found)
Ignore:		1.8.0_065
Check:		SOFTWARE\JavaSoft\Java Runtime Environment\1.8.0_71
Ignore:		1.8.0_071
32-bit search:	SOFTWARE\JavaSoft\Java Runtime Environment...
Check:		SOFTWARE\JavaSoft\Java Runtime Environment\1.8
Ignore:		1.8
Check:		SOFTWARE\JavaSoft\Java Runtime Environment\1.8.0_71
Ignore:		1.8.0_071
64-bit search:	SOFTWARE\JavaSoft\Java Development Kit...
Check:		SOFTWARE\JavaSoft\Java Development Kit\1.8
Ignore:		1.8
Check:		SOFTWARE\JavaSoft\Java Development Kit\1.8.0_25
Check launcher:	C:\Program Files\Java\jdk1.8.0_25\jre\bin\javaw.exe (OK)
Match:		1.8.0_025
Check:		SOFTWARE\JavaSoft\Java Development Kit\1.8.0_65
Check launcher:	C:\Program Files\Java\jdk1.8.0_65\jre\bin\javaw.exe (OK)
Match:		1.8.0_065
Runtime used:	1.8.0_065 (64-bit)
Launcher:	C:\Program Files\Java\jdk1.8.0_65\jre\bin\javaw.exe
Launcher args:	-jar "L:\Loneboat Modules\Projects\Software\PrizmJ\PrizmJ.exe"
Args length:	62/32768 chars
Exit code:	0


Version:	3.9
CmdLine:	L:\Loneboat Modules\Projects\Software\PrizmJ\PrizmJ.exe --l4j-debug
WOW64:		yes
Working dir:	L:\Loneboat Modules\Projects\Software\PrizmJ\.
64-bit search:	SOFTWARE\JavaSoft\Java Runtime Environment...
Check:		SOFTWARE\JavaSoft\Java Runtime Environment\1.8
Ignore:		1.8
Check:		SOFTWARE\JavaSoft\Java Runtime Environment\1.8.0_65
Check launcher:	C:\Program Files\Java\jre1.8.0_65\bin\javaw.exe (not found)
Ignore:		1.8.0_065
Check:		SOFTWARE\JavaSoft\Java Runtime Environment\1.8.0_71
Ignore:		1.8.0_071
32-bit search:	SOFTWARE\JavaSoft\Java Runtime Environment...
Check:		SOFTWARE\JavaSoft\Java Runtime Environment\1.8
Ignore:		1.8
Check:		SOFTWARE\JavaSoft\Java Runtime Environment\1.8.0_71
Ignore:		1.8.0_071
64-bit search:	SOFTWARE\JavaSoft\Java Development Kit...
Check:		SOFTWARE\JavaSoft\Java Development Kit\1.8
Ignore:		1.8
Check:		SOFTWARE\JavaSoft\Java Development Kit\1.8.0_25
Check launcher:	C:\Program Files\Java\jdk1.8.0_25\jre\bin\javaw.exe (OK)
Match:		1.8.0_025
Check:		SOFTWARE\JavaSoft\Java Development Kit\1.8.0_65
Check launcher:	C:\Program Files\Java\jdk1.8.0_65\jre\bin\javaw.exe (OK)
Match:		1.8.0_065
Runtime used:	1.8.0_065 (64-bit)
Launcher:	C:\Program Files\Java\jdk1.8.0_65\jre\bin\javaw.exe
Launcher args:	-jar "L:\Loneboat Modules\Projects\Software\PrizmJ\PrizmJ.exe"
Args length:	62/32768 chars
Exit code:	0


Version:	3.9
CmdLine:	L:\Loneboat Modules\Projects\Software\PrizmJ\PrizmJ.exe --l4j-debug
WOW64:		yes
Working dir:	L:\Loneboat Modules\Projects\Software\PrizmJ\.
64-bit search:	SOFTWARE\JavaSoft\Java Runtime Environment...
Check:		SOFTWARE\JavaSoft\Java Runtime Environment\1.8
Ignore:		1.8
Check:		SOFTWARE\JavaSoft\Java Runtime Environment\1.8.0_65
Check launcher:	C:\Program Files\Java\jre1.8.0_65\bin\javaw.exe (not found)
Ignore:		1.8.0_065
Check:		SOFTWARE\JavaSoft\Java Runtime Environment\1.8.0_71
Ignore:		1.8.0_071
32-bit search:	SOFTWARE\JavaSoft\Java Runtime Environment...
Check:		SOFTWARE\JavaSoft\Java Runtime Environment\1.8
Ignore:		1.8
Check:		SOFTWARE\JavaSoft\Java Runtime Environment\1.8.0_71
Ignore:		1.8.0_071
64-bit search:	SOFTWARE\JavaSoft\Java Development Kit...
Check:		SOFTWARE\JavaSoft\Java Development Kit\1.8
Ignore:		1.8
Check:		SOFTWARE\JavaSoft\Java Development Kit\1.8.0_25
Check launcher:	C:\Program Files\Java\jdk1.8.0_25\jre\bin\javaw.exe (OK)
Match:		1.8.0_025
Check:		SOFTWARE\JavaSoft\Java Development Kit\1.8.0_65
Check launcher:	C:\Program Files\Java\jdk1.8.0_65\jre\bin\javaw.exe (OK)
Match:		1.8.0_065
Runtime used:	1.8.0_065 (64-bit)
Launcher:	C:\Program Files\Java\jdk1.8.0_65\jre\bin\javaw.exe
Launcher args:	-jar "L:\Loneboat Modules\Projects\Software\PrizmJ\PrizmJ.exe"
Args length:	62/32768 chars
Exit code:	0


Version:	3.9
CmdLine:	L:\Loneboat Modules\Projects\Software\PrizmJ\PrizmJ.exe --l4j-debug
WOW64:		yes
Working dir:	L:\Loneboat Modules\Projects\Software\PrizmJ\.
64-bit search:	SOFTWARE\JavaSoft\Java Runtime Environment...
Check:		SOFTWARE\JavaSoft\Java Runtime Environment\1.8
Ignore:		1.8
Check:		SOFTWARE\JavaSoft\Java Runtime Environment\1.8.0_65
Check launcher:	C:\Program Files\Java\jre1.8.0_65\bin\javaw.exe (not found)
Ignore:		1.8.0_065
Check:		SOFTWARE\JavaSoft\Java Runtime Environment\1.8.0_71
Ignore:		1.8.0_071
32-bit search:	SOFTWARE\JavaSoft\Java Runtime Environment...
Check:		SOFTWARE\JavaSoft\Java Runtime Environment\1.8
Ignore:		1.8
Check:		SOFTWARE\JavaSoft\Java Runtime Environment\1.8.0_71
Ignore:		1.8.0_071
64-bit search:	SOFTWARE\JavaSoft\Java Development Kit...
Check:		SOFTWARE\JavaSoft\Java Development Kit\1.8
Ignore:		1.8
Check:		SOFTWARE\JavaSoft\Java Development Kit\1.8.0_25
Check launcher:	C:\Program Files\Java\jdk1.8.0_25\jre\bin\javaw.exe (OK)
Match:		1.8.0_025
Check:		SOFTWARE\JavaSoft\Java Development Kit\1.8.0_65
Check launcher:	C:\Program Files\Java\jdk1.8.0_65\jre\bin\javaw.exe (OK)
Match:		1.8.0_065
Runtime used:	1.8.0_065 (64-bit)
Launcher:	C:\Program Files\Java\jdk1.8.0_65\jre\bin\javaw.exe
Launcher args:	-jar "L:\Loneboat Modules\Projects\Software\PrizmJ\PrizmJ.exe"
Args length:	62/32768 chars
Exit code:	0


Version:	3.9
CmdLine:	L:\Loneboat Modules\Projects\Software\PrizmJ\PrizmJ.exe --l4j-debug
WOW64:		yes
Working dir:	L:\Loneboat Modules\Projects\Software\PrizmJ\.
64-bit search:	SOFTWARE\JavaSoft\Java Runtime Environment...
Check:		SOFTWARE\JavaSoft\Java Runtime Environment\1.8
Ignore:		1.8
Check:		SOFTWARE\JavaSoft\Java Runtime Environment\1.8.0_65
Check launcher:	C:\Program Files\Java\jre1.8.0_65\bin\javaw.exe (not found)
Ignore:		1.8.0_065
Check:		SOFTWARE\JavaSoft\Java Runtime Environment\1.8.0_71
Ignore:		1.8.0_071
32-bit search:	SOFTWARE\JavaSoft\Java Runtime Environment...
Check:		SOFTWARE\JavaSoft\Java Runtime Environment\1.8
Ignore:		1.8
Check:		SOFTWARE\JavaSoft\Java Runtime Environment\1.8.0_71
Ignore:		1.8.0_071
64-bit search:	SOFTWARE\JavaSoft\Java Development Kit...
Check:		SOFTWARE\JavaSoft\Java Development Kit\1.8
Ignore:		1.8
Check:		SOFTWARE\JavaSoft\Java Development Kit\1.8.0_25
Check launcher:	C:\Program Files\Java\jdk1.8.0_25\jre\bin\javaw.exe (OK)
Match:		1.8.0_025
Check:		SOFTWARE\JavaSoft\Java Development Kit\1.8.0_65
Check launcher:	C:\Program Files\Java\jdk1.8.0_65\jre\bin\javaw.exe (OK)
Match:		1.8.0_065
Runtime used:	1.8.0_065 (64-bit)
Add classpath:	com.prizmj.display.PrizmJ
Launcher:	C:\Program Files\Java\jdk1.8.0_65\jre\bin\javaw.exe
Launcher args:	-classpath "L:\Loneboat Modules\Projects\Software\PrizmJ\PrizmJ.exe;com.prizmj.display.PrizmJ" com.prizmj.display.PrizmJ
Args length:	120/32768 chars
Exit code:	0


Version:	3.9
CmdLine:	L:\Loneboat Modules\Projects\Software\PrizmJ\PrizmJ.exe --l4j-debug
WOW64:		yes
Working dir:	L:\Loneboat Modules\Projects\Software\PrizmJ\.
64-bit search:	SOFTWARE\JavaSoft\Java Runtime Environment...
Check:		SOFTWARE\JavaSoft\Java Runtime Environment\1.8
Ignore:		1.8
Check:		SOFTWARE\JavaSoft\Java Runtime Environment\1.8.0_65
Check launcher:	C:\Program Files\Java\jre1.8.0_65\bin\javaw.exe (not found)
Ignore:		1.8.0_065
Check:		SOFTWARE\JavaSoft\Java Runtime Environment\1.8.0_71
Ignore:		1.8.0_071
32-bit search:	SOFTWARE\JavaSoft\Java Runtime Environment...
Check:		SOFTWARE\JavaSoft\Java Runtime Environment\1.8
Ignore:		1.8
Check:		SOFTWARE\JavaSoft\Java Runtime Environment\1.8.0_71
Ignore:		1.8.0_071
64-bit search:	SOFTWARE\JavaSoft\Java Development Kit...
Check:		SOFTWARE\JavaSoft\Java Development Kit\1.8
Ignore:		1.8
Check:		SOFTWARE\JavaSoft\Java Development Kit\1.8.0_25
Check launcher:	C:\Program Files\Java\jdk1.8.0_25\jre\bin\javaw.exe (OK)
Match:		1.8.0_025
Check:		SOFTWARE\JavaSoft\Java Development Kit\1.8.0_65
Check launcher:	C:\Program Files\Java\jdk1.8.0_65\jre\bin\javaw.exe (OK)
Match:		1.8.0_065
Runtime used:	1.8.0_065 (64-bit)
Add classpath:	com.prizmj.display.PrizmJ
Launcher:	C:\Program Files\Java\jdk1.8.0_65\jre\bin\javaw.exe
Launcher args:	-classpath "L:\Loneboat Modules\Projects\Software\PrizmJ\PrizmJ.exe;com.prizmj.display.PrizmJ" com.prizmj.display.PrizmJ
Args length:	120/32768 chars
Exit code:	0


Version:	3.9
CmdLine:	L:\Loneboat Modules\Projects\Software\PrizmJ\PrizmJ.exe --l4j-debug
WOW64:		yes
Working dir:	L:\Loneboat Modules\Projects\Software\PrizmJ\.
64-bit search:	SOFTWARE\JavaSoft\Java Runtime Environment...
Check:		SOFTWARE\JavaSoft\Java Runtime Environment\1.8
Ignore:		1.8
Check:		SOFTWARE\JavaSoft\Java Runtime Environment\1.8.0_65
Check launcher:	C:\Program Files\Java\jre1.8.0_65\bin\javaw.exe (not found)
Ignore:		1.8.0_065
Check:		SOFTWARE\JavaSoft\Java Runtime Environment\1.8.0_71
Ignore:		1.8.0_071
32-bit search:	SOFTWARE\JavaSoft\Java Runtime Environment...
Check:		SOFTWARE\JavaSoft\Java Runtime Environment\1.8
Ignore:		1.8
Check:		SOFTWARE\JavaSoft\Java Runtime Environment\1.8.0_71
Ignore:		1.8.0_071
64-bit search:	SOFTWARE\JavaSoft\Java Development Kit...
Check:		SOFTWARE\JavaSoft\Java Development Kit\1.8
Ignore:		1.8
Check:		SOFTWARE\JavaSoft\Java Development Kit\1.8.0_25
Check launcher:	C:\Program Files\Java\jdk1.8.0_25\jre\bin\javaw.exe (OK)
Match:		1.8.0_025
Check:		SOFTWARE\JavaSoft\Java Development Kit\1.8.0_65
Check launcher:	C:\Program Files\Java\jdk1.8.0_65\jre\bin\javaw.exe (OK)
Match:		1.8.0_065
Runtime used:	1.8.0_065 (64-bit)
Add classpath:	com.prizmj.display.desktop.DesktopLauncher
Launcher:	C:\Program Files\Java\jdk1.8.0_65\jre\bin\javaw.exe
Launcher args:	-classpath "L:\Loneboat Modules\Projects\Software\PrizmJ\PrizmJ.exe;com.prizmj.display.desktop.DesktopLauncher" com.prizmj.display.desktop.DesktopLauncher
Args length:	154/32768 chars
Exit code:	0


Version:	3.9
CmdLine:	L:\Loneboat Modules\Projects\Software\PrizmJ\PrizmJ.exe --l4j-debug
WOW64:		yes
Working dir:	L:\Loneboat Modules\Projects\Software\PrizmJ\.
64-bit search:	SOFTWARE\JavaSoft\Java Runtime Environment...
Check:		SOFTWARE\JavaSoft\Java Runtime Environment\1.8
Ignore:		1.8
Check:		SOFTWARE\JavaSoft\Java Runtime Environment\1.8.0_65
Check launcher:	C:\Program Files\Java\jre1.8.0_65\bin\javaw.exe (not found)
Ignore:		1.8.0_065
Check:		SOFTWARE\JavaSoft\Java Runtime Environment\1.8.0_71
Ignore:		1.8.0_071
32-bit search:	SOFTWARE\JavaSoft\Java Runtime Environment...
Check:		SOFTWARE\JavaSoft\Java Runtime Environment\1.8
Ignore:		1.8
Check:		SOFTWARE\JavaSoft\Java Runtime Environment\1.8.0_71
Ignore:		1.8.0_071
64-bit search:	SOFTWARE\JavaSoft\Java Development Kit...
Check:		SOFTWARE\JavaSoft\Java Development Kit\1.8
Ignore:		1.8
Check:		SOFTWARE\JavaSoft\Java Development Kit\1.8.0_25
Check launcher:	C:\Program Files\Java\jdk1.8.0_25\jre\bin\javaw.exe (OK)
Match:		1.8.0_025
Check:		SOFTWARE\JavaSoft\Java Development Kit\1.8.0_65
Check launcher:	C:\Program Files\Java\jdk1.8.0_65\jre\bin\javaw.exe (OK)
Match:		1.8.0_065
Runtime used:	1.8.0_065 (64-bit)
Launcher:	C:\Program Files\Java\jdk1.8.0_65\jre\bin\javaw.exe
Launcher args:	-jar "L:\Loneboat Modules\Projects\Software\PrizmJ\PrizmJ.exe"
Args length:	62/32768 chars
Exit code:	0


Version:	3.9
CmdLine:	L:\Loneboat Modules\Projects\Software\PrizmJ\PrizmJ.exe --l4j-debug
WOW64:		yes
Working dir:	L:\Loneboat Modules\Projects\Software\PrizmJ\.
64-bit search:	SOFTWARE\JavaSoft\Java Runtime Environment...
Check:		SOFTWARE\JavaSoft\Java Runtime Environment\1.8
Ignore:		1.8
Check:		SOFTWARE\JavaSoft\Java Runtime Environment\1.8.0_65
Check launcher:	C:\Program Files\Java\jre1.8.0_65\bin\javaw.exe (not found)
Ignore:		1.8.0_065
Check:		SOFTWARE\JavaSoft\Java Runtime Environment\1.8.0_71
Ignore:		1.8.0_071
32-bit search:	SOFTWARE\JavaSoft\Java Runtime Environment...
Check:		SOFTWARE\JavaSoft\Java Runtime Environment\1.8
Ignore:		1.8
Check:		SOFTWARE\JavaSoft\Java Runtime Environment\1.8.0_71
Ignore:		1.8.0_071
64-bit search:	SOFTWARE\JavaSoft\Java Development Kit...
Check:		SOFTWARE\JavaSoft\Java Development Kit\1.8
Ignore:		1.8
Check:		SOFTWARE\JavaSoft\Java Development Kit\1.8.0_25
Check launcher:	C:\Program Files\Java\jdk1.8.0_25\jre\bin\javaw.exe (OK)
Match:		1.8.0_025
Check:		SOFTWARE\JavaSoft\Java Development Kit\1.8.0_65
Check launcher:	C:\Program Files\Java\jdk1.8.0_65\jre\bin\javaw.exe (OK)
Match:		1.8.0_065
Runtime used:	1.8.0_065 (64-bit)
Launcher:	C:\Program Files\Java\jdk1.8.0_65\jre\bin\javaw.exe
Launcher args:	-jar "L:\Loneboat Modules\Projects\Software\PrizmJ\PrizmJ.exe"
Args length:	62/32768 chars
Exit code:	0


Version:	3.9
CmdLine:	L:\Loneboat Modules\Projects\Software\PrizmJ\PrizmJ.exe --l4j-debug
WOW64:		yes
Working dir:	L:\Loneboat Modules\Projects\Software\PrizmJ\.
64-bit search:	SOFTWARE\JavaSoft\Java Runtime Environment...
Check:		SOFTWARE\JavaSoft\Java Runtime Environment\1.8
Check launcher:	C:\Program Files\Java\jre1.8.0_71\bin\javaw.exe (OK)
Match:		1.8
Check:		SOFTWARE\JavaSoft\Java Runtime Environment\1.8.0_65
Check launcher:	C:\Program Files\Java\jre1.8.0_65\bin\javaw.exe (not found)
Ignore:		1.8.0_065
Check:		SOFTWARE\JavaSoft\Java Runtime Environment\1.8.0_71
Ignore:		1.8.0_071
64-bit search:	SOFTWARE\JavaSoft\Java Development Kit...
Check:		SOFTWARE\JavaSoft\Java Development Kit\1.8
Ignore:		1.8
Check:		SOFTWARE\JavaSoft\Java Development Kit\1.8.0_25
Check launcher:	C:\Program Files\Java\jdk1.8.0_25\jre\bin\javaw.exe (OK)
Match:		1.8.0_025
Check:		SOFTWARE\JavaSoft\Java Development Kit\1.8.0_65
Check launcher:	C:\Program Files\Java\jdk1.8.0_65\jre\bin\javaw.exe (OK)
Match:		1.8.0_065
Runtime used:	1.8.0_065 (64-bit)
Launcher:	C:\Program Files\Java\jdk1.8.0_65\jre\bin\javaw.exe
Launcher args:	-jar "L:\Loneboat Modules\Projects\Software\PrizmJ\PrizmJ.exe"
Args length:	62/32768 chars
Exit code:	0


Version:	3.9
CmdLine:	L:\Loneboat Modules\Projects\Software\PrizmJ\PrizmJ.exe --l4j-debug
WOW64:		yes
Working dir:	L:\Loneboat Modules\Projects\Software\PrizmJ\.
64-bit search:	SOFTWARE\JavaSoft\Java Runtime Environment...
Check:		SOFTWARE\JavaSoft\Java Runtime Environment\1.8
Check launcher:	C:\Program Files\Java\jre1.8.0_71\bin\javaw.exe (OK)
Match:		1.8
Check:		SOFTWARE\JavaSoft\Java Runtime Environment\1.8.0_65
Check launcher:	C:\Program Files\Java\jre1.8.0_65\bin\javaw.exe (not found)
Ignore:		1.8.0_065
Check:		SOFTWARE\JavaSoft\Java Runtime Environment\1.8.0_71
Ignore:		1.8.0_071
64-bit search:	SOFTWARE\JavaSoft\Java Development Kit...
Check:		SOFTWARE\JavaSoft\Java Development Kit\1.8
Ignore:		1.8
Check:		SOFTWARE\JavaSoft\Java Development Kit\1.8.0_25
Check launcher:	C:\Program Files\Java\jdk1.8.0_25\jre\bin\javaw.exe (OK)
Match:		1.8.0_025
Check:		SOFTWARE\JavaSoft\Java Development Kit\1.8.0_65
Check launcher:	C:\Program Files\Java\jdk1.8.0_65\jre\bin\javaw.exe (OK)
Match:		1.8.0_065
Runtime used:	1.8.0_065 (64-bit)
Launcher:	C:\Program Files\Java\jdk1.8.0_65\jre\bin\javaw.exe
Launcher args:	-jar "L:\Loneboat Modules\Projects\Software\PrizmJ\PrizmJ.exe"
Args length:	62/32768 chars
Exit code:	0


Version:	3.9
CmdLine:	L:\Loneboat Modules\Projects\Software\PrizmJ\PrizmJ.exe --l4j-debug
WOW64:		yes
Working dir:	L:\Loneboat Modules\Projects\Software\PrizmJ\.
64-bit search:	SOFTWARE\JavaSoft\Java Runtime Environment...
Check:		SOFTWARE\JavaSoft\Java Runtime Environment\1.8
Check launcher:	C:\Program Files\Java\jre1.8.0_71\bin\javaw.exe (OK)
Match:		1.8
Check:		SOFTWARE\JavaSoft\Java Runtime Environment\1.8.0_65
Check launcher:	C:\Program Files\Java\jre1.8.0_65\bin\javaw.exe (not found)
Ignore:		1.8.0_065
Check:		SOFTWARE\JavaSoft\Java Runtime Environment\1.8.0_71
Ignore:		1.8.0_071
64-bit search:	SOFTWARE\JavaSoft\Java Development Kit...
Check:		SOFTWARE\JavaSoft\Java Development Kit\1.8
Ignore:		1.8
Check:		SOFTWARE\JavaSoft\Java Development Kit\1.8.0_25
Check launcher:	C:\Program Files\Java\jdk1.8.0_25\jre\bin\javaw.exe (OK)
Match:		1.8.0_025
Check:		SOFTWARE\JavaSoft\Java Development Kit\1.8.0_65
Check launcher:	C:\Program Files\Java\jdk1.8.0_65\jre\bin\javaw.exe (OK)
Match:		1.8.0_065
Runtime used:	1.8.0_065 (64-bit)
Launcher:	C:\Program Files\Java\jdk1.8.0_65\jre\bin\javaw.exe
Launcher args:	-jar "L:\Loneboat Modules\Projects\Software\PrizmJ\PrizmJ.exe"
Args length:	62/32768 chars
Exit code:	0


Version:	3.9
CmdLine:	L:\Loneboat Modules\Projects\Software\PrizmJ\PrizmJ.exe --l4j-debug
WOW64:		yes
Working dir:	L:\Loneboat Modules\Projects\Software\PrizmJ\.
64-bit search:	SOFTWARE\JavaSoft\Java Runtime Environment...
Check:		SOFTWARE\JavaSoft\Java Runtime Environment\1.8
Check launcher:	C:\Program Files\Java\jre1.8.0_71\bin\javaw.exe (OK)
Match:		1.8
Check:		SOFTWARE\JavaSoft\Java Runtime Environment\1.8.0_65
Check launcher:	C:\Program Files\Java\jre1.8.0_65\bin\javaw.exe (not found)
Ignore:		1.8.0_065
Check:		SOFTWARE\JavaSoft\Java Runtime Environment\1.8.0_71
Ignore:		1.8.0_071
64-bit search:	SOFTWARE\JavaSoft\Java Development Kit...
Check:		SOFTWARE\JavaSoft\Java Development Kit\1.8
Ignore:		1.8
Check:		SOFTWARE\JavaSoft\Java Development Kit\1.8.0_25
Check launcher:	C:\Program Files\Java\jdk1.8.0_25\jre\bin\javaw.exe (OK)
Match:		1.8.0_025
Check:		SOFTWARE\JavaSoft\Java Development Kit\1.8.0_65
Check launcher:	C:\Program Files\Java\jdk1.8.0_65\jre\bin\javaw.exe (OK)
Match:		1.8.0_065
Runtime used:	1.8.0_065 (64-bit)
Launcher:	C:\Program Files\Java\jdk1.8.0_65\jre\bin\javaw.exe
Launcher args:	-jar "L:\Loneboat Modules\Projects\Software\PrizmJ\PrizmJ.exe"
Args length:	62/32768 chars
Exit code:	0


Version:	3.9
CmdLine:	L:\Loneboat Modules\Projects\Software\PrizmJ\PrizmJ.exe --l4j-debug
WOW64:		yes
Working dir:	L:\Loneboat Modules\Projects\Software\PrizmJ\.
64-bit search:	SOFTWARE\JavaSoft\Java Runtime Environment...
Check:		SOFTWARE\JavaSoft\Java Runtime Environment\1.8
Check launcher:	C:\Program Files\Java\jre1.8.0_71\bin\javaw.exe (OK)
Match:		1.8
Check:		SOFTWARE\JavaSoft\Java Runtime Environment\1.8.0_65
Check launcher:	C:\Program Files\Java\jre1.8.0_65\bin\javaw.exe (not found)
Ignore:		1.8.0_065
Check:		SOFTWARE\JavaSoft\Java Runtime Environment\1.8.0_71
Ignore:		1.8.0_071
64-bit search:	SOFTWARE\JavaSoft\Java Development Kit...
Check:		SOFTWARE\JavaSoft\Java Development Kit\1.8
Ignore:		1.8
Check:		SOFTWARE\JavaSoft\Java Development Kit\1.8.0_25
Check launcher:	C:\Program Files\Java\jdk1.8.0_25\jre\bin\javaw.exe (OK)
Match:		1.8.0_025
Check:		SOFTWARE\JavaSoft\Java Development Kit\1.8.0_65
Check launcher:	C:\Program Files\Java\jdk1.8.0_65\jre\bin\javaw.exe (OK)
Match:		1.8.0_065
Runtime used:	1.8.0_065 (64-bit)
Launcher:	C:\Program Files\Java\jdk1.8.0_65\jre\bin\javaw.exe
Launcher args:	-jar "L:\Loneboat Modules\Projects\Software\PrizmJ\PrizmJ.exe"
Args length:	62/32768 chars
Exit code:	0


Version:	3.9
CmdLine:	L:\Loneboat Modules\Projects\Software\PrizmJ\PrizmJ.exe --l4j-debug
WOW64:		yes
Working dir:	L:\Loneboat Modules\Projects\Software\PrizmJ\.
64-bit search:	SOFTWARE\JavaSoft\Java Runtime Environment...
Check:		SOFTWARE\JavaSoft\Java Runtime Environment\1.8
Check launcher:	C:\Program Files\Java\jre1.8.0_71\bin\javaw.exe (OK)
Match:		1.8
Check:		SOFTWARE\JavaSoft\Java Runtime Environment\1.8.0_65
Check launcher:	C:\Program Files\Java\jre1.8.0_65\bin\javaw.exe (not found)
Ignore:		1.8.0_065
Check:		SOFTWARE\JavaSoft\Java Runtime Environment\1.8.0_71
Ignore:		1.8.0_071
64-bit search:	SOFTWARE\JavaSoft\Java Development Kit...
Check:		SOFTWARE\JavaSoft\Java Development Kit\1.8
Ignore:		1.8
Check:		SOFTWARE\JavaSoft\Java Development Kit\1.8.0_25
Check launcher:	C:\Program Files\Java\jdk1.8.0_25\jre\bin\javaw.exe (OK)
Match:		1.8.0_025
Check:		SOFTWARE\JavaSoft\Java Development Kit\1.8.0_65
Check launcher:	C:\Program Files\Java\jdk1.8.0_65\jre\bin\javaw.exe (OK)
Match:		1.8.0_065
Runtime used:	1.8.0_065 (64-bit)
Launcher:	C:\Program Files\Java\jdk1.8.0_65\jre\bin\javaw.exe
Launcher args:	-jar "L:\Loneboat Modules\Projects\Software\PrizmJ\PrizmJ.exe"
Args length:	62/32768 chars
Exit code:	0


Version:	3.9
CmdLine:	L:\Loneboat Modules\Projects\Software\PrizmJ\PrizmJ.exe --l4j-debug
WOW64:		yes
Working dir:	L:\Loneboat Modules\Projects\Software\PrizmJ\.
64-bit search:	SOFTWARE\JavaSoft\Java Runtime Environment...
Check:		SOFTWARE\JavaSoft\Java Runtime Environment\1.8
Check launcher:	C:\Program Files\Java\jre1.8.0_71\bin\javaw.exe (OK)
Match:		1.8
Check:		SOFTWARE\JavaSoft\Java Runtime Environment\1.8.0_65
Check launcher:	C:\Program Files\Java\jre1.8.0_65\bin\javaw.exe (not found)
Ignore:		1.8.0_065
Check:		SOFTWARE\JavaSoft\Java Runtime Environment\1.8.0_71
Ignore:		1.8.0_071
64-bit search:	SOFTWARE\JavaSoft\Java Development Kit...
Check:		SOFTWARE\JavaSoft\Java Development Kit\1.8
Ignore:		1.8
Check:		SOFTWARE\JavaSoft\Java Development Kit\1.8.0_25
Check launcher:	C:\Program Files\Java\jdk1.8.0_25\jre\bin\javaw.exe (OK)
Match:		1.8.0_025
Check:		SOFTWARE\JavaSoft\Java Development Kit\1.8.0_65
Check launcher:	C:\Program Files\Java\jdk1.8.0_65\jre\bin\javaw.exe (OK)
Match:		1.8.0_065
Runtime used:	1.8.0_065 (64-bit)
Launcher:	C:\Program Files\Java\jdk1.8.0_65\jre\bin\javaw.exe
Launcher args:	-jar "L:\Loneboat Modules\Projects\Software\PrizmJ\PrizmJ.exe"
Args length:	62/32768 chars
Exit code:	0


Version:	3.9
CmdLine:	L:\Loneboat Modules\Projects\Software\PrizmJ\PrizmJ.exe --l4j-debug
WOW64:		yes
Working dir:	L:\Loneboat Modules\Projects\Software\PrizmJ\.
64-bit search:	SOFTWARE\JavaSoft\Java Runtime Environment...
Check:		SOFTWARE\JavaSoft\Java Runtime Environment\1.8
Check launcher:	C:\Program Files\Java\jre1.8.0_71\bin\javaw.exe (OK)
Match:		1.8
Check:		SOFTWARE\JavaSoft\Java Runtime Environment\1.8.0_65
Check launcher:	C:\Program Files\Java\jre1.8.0_65\bin\javaw.exe (not found)
Ignore:		1.8.0_065
Check:		SOFTWARE\JavaSoft\Java Runtime Environment\1.8.0_71
Ignore:		1.8.0_071
64-bit search:	SOFTWARE\JavaSoft\Java Development Kit...
Check:		SOFTWARE\JavaSoft\Java Development Kit\1.8
Ignore:		1.8
Check:		SOFTWARE\JavaSoft\Java Development Kit\1.8.0_25
Check launcher:	C:\Program Files\Java\jdk1.8.0_25\jre\bin\javaw.exe (OK)
Match:		1.8.0_025
Check:		SOFTWARE\JavaSoft\Java Development Kit\1.8.0_65
Check launcher:	C:\Program Files\Java\jdk1.8.0_65\jre\bin\javaw.exe (OK)
Match:		1.8.0_065
Runtime used:	1.8.0_065 (64-bit)
Launcher:	C:\Program Files\Java\jdk1.8.0_65\jre\bin\javaw.exe
Launcher args:	-jar "L:\Loneboat Modules\Projects\Software\PrizmJ\PrizmJ.exe"
Args length:	62/32768 chars
Exit code:	0


Version:	3.9
CmdLine:	L:\Loneboat Modules\Projects\Software\PrizmJ\PrizmJ.exe --l4j-debug
WOW64:		yes
Working dir:	L:\Loneboat Modules\Projects\Software\PrizmJ\.
64-bit search:	SOFTWARE\JavaSoft\Java Runtime Environment...
Check:		SOFTWARE\JavaSoft\Java Runtime Environment\1.8
Check launcher:	C:\Program Files\Java\jre1.8.0_71\bin\javaw.exe (OK)
Match:		1.8
Check:		SOFTWARE\JavaSoft\Java Runtime Environment\1.8.0_65
Check launcher:	C:\Program Files\Java\jre1.8.0_65\bin\javaw.exe (not found)
Ignore:		1.8.0_065
Check:		SOFTWARE\JavaSoft\Java Runtime Environment\1.8.0_71
Ignore:		1.8.0_071
64-bit search:	SOFTWARE\JavaSoft\Java Development Kit...
Check:		SOFTWARE\JavaSoft\Java Development Kit\1.8
Ignore:		1.8
Check:		SOFTWARE\JavaSoft\Java Development Kit\1.8.0_25
Check launcher:	C:\Program Files\Java\jdk1.8.0_25\jre\bin\javaw.exe (OK)
Match:		1.8.0_025
Check:		SOFTWARE\JavaSoft\Java Development Kit\1.8.0_65
Check launcher:	C:\Program Files\Java\jdk1.8.0_65\jre\bin\javaw.exe (OK)
Match:		1.8.0_065
Runtime used:	1.8.0_065 (64-bit)
Launcher:	C:\Program Files\Java\jdk1.8.0_65\jre\bin\javaw.exe
Launcher args:	-jar "L:\Loneboat Modules\Projects\Software\PrizmJ\PrizmJ.exe"
Args length:	62/32768 chars
Exit code:	0


Version:	3.9
CmdLine:	L:\Loneboat Modules\Projects\Software\PrizmJ\PrizmJ.exe --l4j-debug
WOW64:		yes
Working dir:	L:\Loneboat Modules\Projects\Software\PrizmJ\.
64-bit search:	SOFTWARE\JavaSoft\Java Runtime Environment...
Check:		SOFTWARE\JavaSoft\Java Runtime Environment\1.8
Check launcher:	C:\Program Files\Java\jre1.8.0_71\bin\javaw.exe (OK)
Match:		1.8
Check:		SOFTWARE\JavaSoft\Java Runtime Environment\1.8.0_65
Check launcher:	C:\Program Files\Java\jre1.8.0_65\bin\javaw.exe (not found)
Ignore:		1.8.0_065
Check:		SOFTWARE\JavaSoft\Java Runtime Environment\1.8.0_71
Ignore:		1.8.0_071
64-bit search:	SOFTWARE\JavaSoft\Java Development Kit...
Check:		SOFTWARE\JavaSoft\Java Development Kit\1.8
Ignore:		1.8
Check:		SOFTWARE\JavaSoft\Java Development Kit\1.8.0_25
Check launcher:	C:\Program Files\Java\jdk1.8.0_25\jre\bin\javaw.exe (OK)
Match:		1.8.0_025
Check:		SOFTWARE\JavaSoft\Java Development Kit\1.8.0_65
Check launcher:	C:\Program Files\Java\jdk1.8.0_65\jre\bin\javaw.exe (OK)
Match:		1.8.0_065
Runtime used:	1.8.0_065 (64-bit)
Launcher:	C:\Program Files\Java\jdk1.8.0_65\jre\bin\javaw.exe
Launcher args:	-jar "L:\Loneboat Modules\Projects\Software\PrizmJ\PrizmJ.exe"
Args length:	62/32768 chars
Exit code:	0


Version:	3.9
CmdLine:	L:\Loneboat Modules\Projects\Software\PrizmJ\PrizmJ.exe --l4j-debug
WOW64:		yes
Working dir:	L:\Loneboat Modules\Projects\Software\PrizmJ\.
64-bit search:	SOFTWARE\JavaSoft\Java Runtime Environment...
Check:		SOFTWARE\JavaSoft\Java Runtime Environment\1.8
Check launcher:	C:\Program Files\Java\jre1.8.0_71\bin\javaw.exe (OK)
Match:		1.8
Check:		SOFTWARE\JavaSoft\Java Runtime Environment\1.8.0_65
Check launcher:	C:\Program Files\Java\jre1.8.0_65\bin\javaw.exe (not found)
Ignore:		1.8.0_065
Check:		SOFTWARE\JavaSoft\Java Runtime Environment\1.8.0_71
Ignore:		1.8.0_071
64-bit search:	SOFTWARE\JavaSoft\Java Development Kit...
Check:		SOFTWARE\JavaSoft\Java Development Kit\1.8
Ignore:		1.8
Check:		SOFTWARE\JavaSoft\Java Development Kit\1.8.0_25
Check launcher:	C:\Program Files\Java\jdk1.8.0_25\jre\bin\javaw.exe (OK)
Match:		1.8.0_025
Check:		SOFTWARE\JavaSoft\Java Development Kit\1.8.0_65
Check launcher:	C:\Program Files\Java\jdk1.8.0_65\jre\bin\javaw.exe (OK)
Match:		1.8.0_065
Runtime used:	1.8.0_065 (64-bit)
Launcher:	C:\Program Files\Java\jdk1.8.0_65\jre\bin\javaw.exe
Launcher args:	-jar "L:\Loneboat Modules\Projects\Software\PrizmJ\PrizmJ.exe"
Args length:	62/32768 chars
Exit code:	0
